[0.027s] Invoking command in '/home/mike/Documents/roscamtest/roscamtest/build/cam_publisher': CMAKE_PREFIX_PATH=${CMAKE_PREFIX_PATH}:/opt/ros/foxy /usr/bin/cmake --build /home/mike/Documents/roscamtest/roscamtest/build/cam_publisher -- -j4 -l4
[0.098s] [35m[1mScanning dependencies of target publish_cam[0m
[0.179s] [ 50%] [32mBuilding CXX object CMakeFiles/publish_cam.dir/src/main.cpp.o[0m
[4.214s] [01m[K/home/mike/Documents/roscamtest/roscamtest/src/main.cpp:43:54:[m[K [01;31m[Kerror: [m[Kredeclaration of â€˜[01m[Krclcpp::Publisher<cv_bridge::CvImage>::SharedPtr MinimalPublisher::publisher_[m[Kâ€™
[4.215s]    43 |     rclcpp::Publisher<cv_bridge::CvImage>::SharedPtr [01;31m[Kpublisher_[m[K;
[4.215s]       |                                                      [01;31m[K^~~~~~~~~~[m[K
[4.215s] [01m[K/home/mike/Documents/roscamtest/roscamtest/src/main.cpp:42:57:[m[K [01;36m[Knote: [m[Kprevious declaration â€˜[01m[Krclcpp::Publisher<std_msgs::msg::String_<std::allocator<void> > >::SharedPtr MinimalPublisher::publisher_[m[Kâ€™
[4.215s]    42 |     rclcpp::Publisher<std_msgs::msg::String>::SharedPtr [01;36m[Kpublisher_[m[K;
[4.215s]       |                                                         [01;36m[K^~~~~~~~~~[m[K
[6.004s] make[2]: *** [CMakeFiles/publish_cam.dir/build.make:63: CMakeFiles/publish_cam.dir/src/main.cpp.o] Error 1
[6.004s] make[1]: *** [CMakeFiles/Makefile2:78: CMakeFiles/publish_cam.dir/all] Error 2
[6.004s] make: *** [Makefile:141: all] Error 2
[6.011s] Invoked command in '/home/mike/Documents/roscamtest/roscamtest/build/cam_publisher' returned '2': CMAKE_PREFIX_PATH=${CMAKE_PREFIX_PATH}:/opt/ros/foxy /usr/bin/cmake --build /home/mike/Documents/roscamtest/roscamtest/build/cam_publisher -- -j4 -l4
