[0.028s] Invoking command in '/home/mike/Documents/roscamtest/roscamtest/build/cam_publisher': CMAKE_PREFIX_PATH=${CMAKE_PREFIX_PATH}:/opt/ros/foxy /usr/bin/cmake --build /home/mike/Documents/roscamtest/roscamtest/build/cam_publisher -- -j4 -l4
[0.086s] [35m[1mScanning dependencies of target publish_cam[0m
[0.144s] [ 50%] [32mBuilding CXX object CMakeFiles/publish_cam.dir/src/main.cpp.o[0m
[7.792s] [100%] [32m[1mLinking CXX executable publish_cam[0m
[8.518s] /usr/bin/ld: CMakeFiles/publish_cam.dir/src/main.cpp.o: in function `rclcpp::Publisher<std::shared_ptr<cv_bridge::CvImage>, std::allocator<void> >::Publisher(rclcpp::node_interfaces::NodeBaseInterface*, std::__cxx11::basic_string<char, std::char_traits<char>, std::allocator<char> > const&, rclcpp::QoS const&, rclcpp::PublisherOptionsWithAllocator<std::allocator<void> > const&)':
[8.518s] main.cpp:(.text._ZN6rclcpp9PublisherISt10shared_ptrIN9cv_bridge7CvImageEESaIvEEC2EPNS_15node_interfaces17NodeBaseInterfaceERKNSt7__cxx1112basic_stringIcSt11char_traitsIcESaIcEEERKNS_3QoSERKNS_29PublisherOptionsWithAllocatorIS5_EE[_ZN6rclcpp9PublisherISt10shared_ptrIN9cv_bridge7CvImageEESaIvEEC5EPNS_15node_interfaces17NodeBaseInterfaceERKNSt7__cxx1112basic_stringIcSt11char_traitsIcESaIcEEERKNS_3QoSERKNS_29PublisherOptionsWithAllocatorIS5_EE]+0x6e): undefined reference to `rosidl_message_type_support_t const* rosidl_typesupport_cpp::get_message_type_support_handle<std::shared_ptr<cv_bridge::CvImage> >()'
[8.518s] collect2: error: ld returned 1 exit status
[8.521s] make[2]: *** [CMakeFiles/publish_cam.dir/build.make:179: publish_cam] Error 1
[8.522s] make[1]: *** [CMakeFiles/Makefile2:78: CMakeFiles/publish_cam.dir/all] Error 2
[8.523s] make: *** [Makefile:141: all] Error 2
[8.527s] Invoked command in '/home/mike/Documents/roscamtest/roscamtest/build/cam_publisher' returned '2': CMAKE_PREFIX_PATH=${CMAKE_PREFIX_PATH}:/opt/ros/foxy /usr/bin/cmake --build /home/mike/Documents/roscamtest/roscamtest/build/cam_publisher -- -j4 -l4
