[0.027s] Invoking command in '/home/mike/Documents/roscamtest/roscamtest/build/cam_publisher': CMAKE_PREFIX_PATH=${CMAKE_PREFIX_PATH}:/opt/ros/foxy /usr/bin/cmake --build /home/mike/Documents/roscamtest/roscamtest/build/cam_publisher -- -j4 -l4
[0.106s] [35m[1mScanning dependencies of target publish_cam[0m
[0.206s] [ 50%] [32mBuilding CXX object CMakeFiles/publish_cam.dir/src/main.cpp.o[0m
[0.433s] [01m[K/home/mike/Documents/roscamtest/roscamtest/src/main.cpp:9:10:[m[K [01;31m[Kfatal error: [m[Kopencv2/opencv.hpp: No such file or directory
[0.433s]     9 | #include [01;31m[K<opencv2/opencv.hpp>[m[K
[0.433s]       |          [01;31m[K^~~~~~~~~~~~~~~~~~~~[m[K
[0.434s] compilation terminated.
[0.436s] make[2]: *** [CMakeFiles/publish_cam.dir/build.make:63: CMakeFiles/publish_cam.dir/src/main.cpp.o] Error 1
[0.436s] make[1]: *** [CMakeFiles/Makefile2:78: CMakeFiles/publish_cam.dir/all] Error 2
[0.437s] make: *** [Makefile:141: all] Error 2
[0.444s] Invoked command in '/home/mike/Documents/roscamtest/roscamtest/build/cam_publisher' returned '2': CMAKE_PREFIX_PATH=${CMAKE_PREFIX_PATH}:/opt/ros/foxy /usr/bin/cmake --build /home/mike/Documents/roscamtest/roscamtest/build/cam_publisher -- -j4 -l4
