[0.027s] Invoking command in '/home/mike/Documents/roscamtest/roscamtest/build/roscamtest': CMAKE_PREFIX_PATH=${CMAKE_PREFIX_PATH}:/opt/ros/foxy /usr/bin/cmake --build /home/mike/Documents/roscamtest/roscamtest/build/roscamtest -- -j4 -l4
[0.080s] [35m[1mScanning dependencies of target camera_pub[0m
[0.148s] [ 50%] [32mBuilding CXX object CMakeFiles/camera_pub.dir/src/main.cpp.o[0m
[7.317s] [100%] [32m[1mLinking CXX executable camera_pub[0m
[8.048s] /usr/bin/ld: CMakeFiles/camera_pub.dir/src/main.cpp.o: in function `rclcpp::Publisher<cv_bridge::CvImage, std::allocator<void> >::Publisher(rclcpp::node_interfaces::NodeBaseInterface*, std::__cxx11::basic_string<char, std::char_traits<char>, std::allocator<char> > const&, rclcpp::QoS const&, rclcpp::PublisherOptionsWithAllocator<std::allocator<void> > const&)':
[8.048s] main.cpp:(.text._ZN6rclcpp9PublisherIN9cv_bridge7CvImageESaIvEEC2EPNS_15node_interfaces17NodeBaseInterfaceERKNSt7__cxx1112basic_stringIcSt11char_traitsIcESaIcEEERKNS_3QoSERKNS_29PublisherOptionsWithAllocatorIS3_EE[_ZN6rclcpp9PublisherIN9cv_bridge7CvImageESaIvEEC5EPNS_15node_interfaces17NodeBaseInterfaceERKNSt7__cxx1112basic_stringIcSt11char_traitsIcESaIcEEERKNS_3QoSERKNS_29PublisherOptionsWithAllocatorIS3_EE]+0x6e): undefined reference to `rosidl_message_type_support_t const* rosidl_typesupport_cpp::get_message_type_support_handle<cv_bridge::CvImage>()'
[8.048s] collect2: error: ld returned 1 exit status
[8.050s] make[2]: *** [CMakeFiles/camera_pub.dir/build.make:179: camera_pub] Error 1
[8.050s] make[1]: *** [CMakeFiles/Makefile2:78: CMakeFiles/camera_pub.dir/all] Error 2
[8.051s] make: *** [Makefile:141: all] Error 2
[8.055s] Invoked command in '/home/mike/Documents/roscamtest/roscamtest/build/roscamtest' returned '2': CMAKE_PREFIX_PATH=${CMAKE_PREFIX_PATH}:/opt/ros/foxy /usr/bin/cmake --build /home/mike/Documents/roscamtest/roscamtest/build/roscamtest -- -j4 -l4
