[0.026s] Invoking command in '/home/mike/Documents/roscamtest/roscamtest/build/roscamtest': CMAKE_PREFIX_PATH=${CMAKE_PREFIX_PATH}:/opt/ros/foxy /usr/bin/cmake --build /home/mike/Documents/roscamtest/roscamtest/build/roscamtest -- -j4 -l4
[0.081s] -- Found ament_cmake: 0.9.9 (/opt/ros/foxy/share/ament_cmake/cmake)
[0.121s] -- Using PYTHON_EXECUTABLE: /usr/bin/python3
[0.428s] -- Found rclcpp: 2.4.1 (/opt/ros/foxy/share/rclcpp/cmake)
[0.521s] -- Using all available rosidl_typesupport_c: rosidl_typesupport_fastrtps_c;rosidl_typesupport_introspection_c
[0.521s] -- Found rosidl_adapter: 1.2.1 (/opt/ros/foxy/share/rosidl_adapter/cmake)
[0.701s] -- Using all available rosidl_typesupport_cpp: rosidl_typesupport_fastrtps_cpp;rosidl_typesupport_introspection_cpp
[0.808s] -- Found rmw_implementation_cmake: 1.0.3 (/opt/ros/foxy/share/rmw_implementation_cmake/cmake)
[0.810s] -- Using RMW implementation 'rmw_fastrtps_cpp' as default
[1.195s] -- Found cv_bridge: 2.2.1 (/opt/ros/foxy/share/cv_bridge/cmake)
[1.226s] -- Found image_transport: 2.3.0 (/opt/ros/foxy/share/image_transport/cmake)
[1.577s] -- Found ament_lint_auto: 0.9.6 (/opt/ros/foxy/share/ament_lint_auto/cmake)
[1.683s] -- Added test 'copyright' to check source files copyright and LICENSE
[1.722s] -- Added test 'cppcheck' to perform static code analysis on C / C++ code
[1.724s] -- Configured cppcheck include dirs: /home/mike/Documents/roscamtest/roscamtest/../../3rd/popl/include;$<BUILD_INTERFACE:/home/mike/Documents/roscamtest/roscamtest/include>;/home/mike/Documents/roscamtest/roscamtest/rclcpp_INCLUDE_DIRS}
[1.724s] -- Configured cppcheck exclude dirs and/or files: 
[1.758s] -- Added test 'cpplint' to check C / C++ code against the Google style
[1.758s] -- Configured cpplint exclude dirs and/or files: 
[1.762s] -- Added test 'flake8' to check Python code syntax and style conventions
[1.771s] -- Added test 'lint_cmake' to check CMake code style
[1.776s] -- Added test 'pep257' to check Python code against some of the style conventions in PEP 257
[1.807s] -- Added test 'uncrustify' to check C / C++ code style
[1.807s] -- Configured uncrustify additional arguments: 
[1.811s] -- Added test 'xmllint' to check XML markup files
[1.816s] -- Configuring done
[2.056s] -- Generating done
[2.060s] -- Build files have been written to: /home/mike/Documents/roscamtest/roscamtest/build/roscamtest
[2.096s] [35m[1mScanning dependencies of target camera_pub[0m
[2.133s] [ 50%] [32mBuilding CXX object CMakeFiles/camera_pub.dir/src/main.cpp.o[0m
[9.321s] [100%] [32m[1mLinking CXX executable camera_pub[0m
[10.424s] /usr/bin/ld: CMakeFiles/camera_pub.dir/src/main.cpp.o: in function `rclcpp::Publisher<cv_bridge::CvImage, std::allocator<void> >::Publisher(rclcpp::node_interfaces::NodeBaseInterface*, std::__cxx11::basic_string<char, std::char_traits<char>, std::allocator<char> > const&, rclcpp::QoS const&, rclcpp::PublisherOptionsWithAllocator<std::allocator<void> > const&)':
[10.425s] main.cpp:(.text._ZN6rclcpp9PublisherIN9cv_bridge7CvImageESaIvEEC2EPNS_15node_interfaces17NodeBaseInterfaceERKNSt7__cxx1112basic_stringIcSt11char_traitsIcESaIcEEERKNS_3QoSERKNS_29PublisherOptionsWithAllocatorIS3_EE[_ZN6rclcpp9PublisherIN9cv_bridge7CvImageESaIvEEC5EPNS_15node_interfaces17NodeBaseInterfaceERKNSt7__cxx1112basic_stringIcSt11char_traitsIcESaIcEEERKNS_3QoSERKNS_29PublisherOptionsWithAllocatorIS3_EE]+0x6e): undefined reference to `rosidl_message_type_support_t const* rosidl_typesupport_cpp::get_message_type_support_handle<cv_bridge::CvImage>()'
[10.425s] collect2: error: ld returned 1 exit status
[10.429s] make[2]: *** [CMakeFiles/camera_pub.dir/build.make:525: camera_pub] Error 1
[10.430s] make[1]: *** [CMakeFiles/Makefile2:78: CMakeFiles/camera_pub.dir/all] Error 2
[10.432s] make: *** [Makefile:141: all] Error 2
[10.434s] Invoked command in '/home/mike/Documents/roscamtest/roscamtest/build/roscamtest' returned '2': CMAKE_PREFIX_PATH=${CMAKE_PREFIX_PATH}:/opt/ros/foxy /usr/bin/cmake --build /home/mike/Documents/roscamtest/roscamtest/build/roscamtest -- -j4 -l4
