[0.000000] (-) TimerEvent: {}
[0.000254] (roscamtest) JobQueued: {'identifier': 'roscamtest', 'dependencies': OrderedDict()}
[0.000367] (roscamtest) JobStarted: {'identifier': 'roscamtest'}
[0.018128] (roscamtest) JobProgress: {'identifier': 'roscamtest', 'progress': 'cmake'}
[0.020904] (roscamtest) JobProgress: {'identifier': 'roscamtest', 'progress': 'build'}
[0.020998] (roscamtest) Command: {'cmd': ['/usr/bin/cmake', '--build', '/home/mike/Documents/roscamtest/roscamtest/build/roscamtest', '--', '-j4', '-l4'], 'cwd': '/home/mike/Documents/roscamtest/roscamtest/build/roscamtest', 'env': OrderedDict([('GJS_DEBUG_TOPICS', 'JS ERROR;JS LOG'), ('LESSOPEN', '| /usr/bin/lesspipe %s'), ('USER', 'mike'), ('LC_TIME', 'de_DE.UTF-8'), ('SSH_AGENT_PID', '2125'), ('XDG_SESSION_TYPE', 'x11'), ('GIT_ASKPASS', '/snap/code/91/usr/share/code/resources/app/extensions/git/dist/askpass.sh'), ('SHLVL', '3'), ('LD_LIBRARY_PATH', '/opt/ros/foxy/opt/yaml_cpp_vendor/lib:/opt/ros/foxy/opt/rviz_ogre_vendor/lib:/opt/ros/foxy/lib/x86_64-linux-gnu:/opt/ros/foxy/lib'), ('HOME', '/home/mike'), ('CHROME_DESKTOP', 'code-url-handler.desktop'), ('OLDPWD', '/home/mike/Documents/roscamtest'), ('TERM_PROGRAM_VERSION', '1.65.2'), ('DESKTOP_SESSION', 'ubuntu'), ('GIO_LAUNCHED_DESKTOP_FILE', '/var/lib/snapd/desktop/applications/code_code.desktop'), ('APPLICATION_INSIGHTS_NO_DIAGNOSTIC_CHANNEL', 'true'), ('ROS_PYTHON_VERSION', '3'), ('GNOME_SHELL_SESSION_MODE', 'ubuntu'), ('GTK_MODULES', 'gail:atk-bridge'), ('VSCODE_GIT_ASKPASS_MAIN', '/snap/code/91/usr/share/code/resources/app/extensions/git/dist/askpass-main.js'), ('LC_MONETARY', 'de_DE.UTF-8'), ('VSCODE_GIT_ASKPASS_NODE', '/snap/code/91/usr/share/code/code'), ('MANAGERPID', '1912'), ('DBUS_SESSION_BUS_ADDRESS', 'unix:path=/run/user/1000/bus'), ('COLORTERM', 'truecolor'), ('GIO_LAUNCHED_DESKTOP_FILE_PID', '18615'), ('IM_CONFIG_PHASE', '1'), ('COLCON_PREFIX_PATH', '/home/mike/Documents/roscamtest/roscamtest/install'), ('ROS_DISTRO', 'foxy'), ('LOGNAME', 'mike'), ('JOURNAL_STREAM', '8:35446'), ('_', '/usr/bin/colcon'), ('ROS_VERSION', '2'), ('XDG_SESSION_CLASS', 'user'), ('USERNAME', 'mike'), ('TERM', 'xterm-256color'), ('GNOME_DESKTOP_SESSION_ID', 'this-is-deprecated'), ('ROS_LOCALHOST_ONLY', '0'), ('WINDOWPATH', '2'), ('PATH', '/opt/ros/foxy/bin:/usr/local/sbin:/usr/local/bin:/usr/sbin:/usr/bin:/sbin:/bin:/usr/games:/usr/local/games:/snap/bin'), ('SESSION_MANAGER', 'local/mike-VirtualBox:@/tmp/.ICE-unix/2163,unix/mike-VirtualBox:/tmp/.ICE-unix/2163'), ('INVOCATION_ID', 'f1884d0562e84397a5a01286373b9793'), ('XDG_MENU_PREFIX', 'gnome-'), ('LC_ADDRESS', 'de_DE.UTF-8'), ('BAMF_DESKTOP_FILE_HINT', '/var/lib/snapd/desktop/applications/code_code.desktop'), ('XDG_RUNTIME_DIR', '/run/user/1000'), ('GDK_BACKEND', 'x11'), ('DISPLAY', ':0'), ('LANG', 'en_US.UTF-8'), ('XDG_CURRENT_DESKTOP', 'Unity'), ('LC_TELEPHONE', 'de_DE.UTF-8'), ('XMODIFIERS', '@im=ibus'), ('XDG_SESSION_DESKTOP', 'ubuntu'), ('XAUTHORITY', '/run/user/1000/gdm/Xauthority'), ('LS_COLORS', 'rs=0:di=01;34:ln=01;36:mh=00:pi=40;33:so=01;35:do=01;35:bd=40;33;01:cd=40;33;01:or=40;31;01:mi=00:su=37;41:sg=30;43:ca=30;41:tw=30;42:ow=34;42:st=37;44:ex=01;32:*.tar=01;31:*.tgz=01;31:*.arc=01;31:*.arj=01;31:*.taz=01;31:*.lha=01;31:*.lz4=01;31:*.lzh=01;31:*.lzma=01;31:*.tlz=01;31:*.txz=01;31:*.tzo=01;31:*.t7z=01;31:*.zip=01;31:*.z=01;31:*.dz=01;31:*.gz=01;31:*.lrz=01;31:*.lz=01;31:*.lzo=01;31:*.xz=01;31:*.zst=01;31:*.tzst=01;31:*.bz2=01;31:*.bz=01;31:*.tbz=01;31:*.tbz2=01;31:*.tz=01;31:*.deb=01;31:*.rpm=01;31:*.jar=01;31:*.war=01;31:*.ear=01;31:*.sar=01;31:*.rar=01;31:*.alz=01;31:*.ace=01;31:*.zoo=01;31:*.cpio=01;31:*.7z=01;31:*.rz=01;31:*.cab=01;31:*.wim=01;31:*.swm=01;31:*.dwm=01;31:*.esd=01;31:*.jpg=01;35:*.jpeg=01;35:*.mjpg=01;35:*.mjpeg=01;35:*.gif=01;35:*.bmp=01;35:*.pbm=01;35:*.pgm=01;35:*.ppm=01;35:*.tga=01;35:*.xbm=01;35:*.xpm=01;35:*.tif=01;35:*.tiff=01;35:*.png=01;35:*.svg=01;35:*.svgz=01;35:*.mng=01;35:*.pcx=01;35:*.mov=01;35:*.mpg=01;35:*.mpeg=01;35:*.m2v=01;35:*.mkv=01;35:*.webm=01;35:*.ogm=01;35:*.mp4=01;35:*.m4v=01;35:*.mp4v=01;35:*.vob=01;35:*.qt=01;35:*.nuv=01;35:*.wmv=01;35:*.asf=01;35:*.rm=01;35:*.rmvb=01;35:*.flc=01;35:*.avi=01;35:*.fli=01;35:*.flv=01;35:*.gl=01;35:*.dl=01;35:*.xcf=01;35:*.xwd=01;35:*.yuv=01;35:*.cgm=01;35:*.emf=01;35:*.ogv=01;35:*.ogx=01;35:*.aac=00;36:*.au=00;36:*.flac=00;36:*.m4a=00;36:*.mid=00;36:*.midi=00;36:*.mka=00;36:*.mp3=00;36:*.mpc=00;36:*.ogg=00;36:*.ra=00;36:*.wav=00;36:*.oga=00;36:*.opus=00;36:*.spx=00;36:*.xspf=00;36:'), ('VSCODE_GIT_IPC_HANDLE', '/run/user/1000/vscode-git-c01214e722.sock'), ('TERM_PROGRAM', 'vscode'), ('SSH_AUTH_SOCK', '/run/user/1000/keyring/ssh'), ('GSETTINGS_SCHEMA_DIR', '/snap/code/91/usr/share/glib-2.0/schemas'), ('AMENT_PREFIX_PATH', '/home/mike/Documents/roscamtest/roscamtest/install/roscamtest:/opt/ros/foxy'), ('ORIGINAL_XDG_CURRENT_DESKTOP', 'Unity'), ('SHELL', '/bin/bash'), ('LC_NAME', 'de_DE.UTF-8'), ('DISABLE_WAYLAND', '1'), ('QT_ACCESSIBILITY', '1'), ('NO_AT_BRIDGE', '1'), ('GDMSESSION', 'ubuntu'), ('LESSCLOSE', '/usr/bin/lesspipe %s %s'), ('LC_MEASUREMENT', 'de_DE.UTF-8'), ('GPG_AGENT_INFO', '/run/user/1000/gnupg/S.gpg-agent:0:1'), ('GJS_DEBUG_OUTPUT', 'stderr'), ('LC_IDENTIFICATION', 'de_DE.UTF-8'), ('VSCODE_GIT_ASKPASS_EXTRA_ARGS', '--ms-enable-electron-run-as-node'), ('QT_IM_MODULE', 'ibus'), ('PWD', '/home/mike/Documents/roscamtest/roscamtest/build/roscamtest'), ('XDG_CONFIG_DIRS', '/etc/xdg/xdg-ubuntu:/etc/xdg'), ('XDG_DATA_DIRS', '/usr/share/ubuntu:/usr/local/share/:/usr/share/:/var/lib/snapd/desktop'), ('PYTHONPATH', '/opt/ros/foxy/lib/python3.8/site-packages'), ('LC_NUMERIC', 'de_DE.UTF-8'), ('LC_PAPER', 'de_DE.UTF-8'), ('COLCON', '1'), ('CMAKE_PREFIX_PATH', '/home/mike/Documents/roscamtest/roscamtest/install/roscamtest:/opt/ros/foxy')]), 'shell': False}
[0.098532] (-) TimerEvent: {}
[0.110517] (roscamtest) StdoutLine: {'line': b'-- Found ament_cmake: 0.9.9 (/opt/ros/foxy/share/ament_cmake/cmake)\n'}
[0.145402] (roscamtest) StdoutLine: {'line': b'-- Using PYTHON_EXECUTABLE: /usr/bin/python3\n'}
[0.198643] (-) TimerEvent: {}
[0.298956] (-) TimerEvent: {}
[0.399281] (-) TimerEvent: {}
[0.479329] (roscamtest) StdoutLine: {'line': b'-- Found rclcpp: 2.4.1 (/opt/ros/foxy/share/rclcpp/cmake)\n'}
[0.500097] (-) TimerEvent: {}
[0.540139] (roscamtest) StdoutLine: {'line': b'-- Using all available rosidl_typesupport_c: rosidl_typesupport_fastrtps_c;rosidl_typesupport_introspection_c\n'}
[0.549295] (roscamtest) StdoutLine: {'line': b'-- Found rosidl_adapter: 1.2.1 (/opt/ros/foxy/share/rosidl_adapter/cmake)\n'}
[0.600587] (-) TimerEvent: {}
[0.701140] (-) TimerEvent: {}
[0.746742] (roscamtest) StdoutLine: {'line': b'-- Using all available rosidl_typesupport_cpp: rosidl_typesupport_fastrtps_cpp;rosidl_typesupport_introspection_cpp\n'}
[0.801720] (-) TimerEvent: {}
[0.853001] (roscamtest) StdoutLine: {'line': b'-- Found rmw_implementation_cmake: 1.0.3 (/opt/ros/foxy/share/rmw_implementation_cmake/cmake)\n'}
[0.856189] (roscamtest) StdoutLine: {'line': b"-- Using RMW implementation 'rmw_fastrtps_cpp' as default\n"}
[0.902169] (-) TimerEvent: {}
[1.002695] (-) TimerEvent: {}
[1.103060] (-) TimerEvent: {}
[1.170520] (roscamtest) StdoutLine: {'line': b'-- Found cv_bridge: 2.2.1 (/opt/ros/foxy/share/cv_bridge/cmake)\n'}
[1.179403] (roscamtest) StdoutLine: {'line': b'-- Found image_transport: 2.3.0 (/opt/ros/foxy/share/image_transport/cmake)\n'}
[1.203842] (-) TimerEvent: {}
[1.305331] (-) TimerEvent: {}
[1.405845] (-) TimerEvent: {}
[1.506368] (-) TimerEvent: {}
[1.510282] (roscamtest) StdoutLine: {'line': b'-- Found ament_lint_auto: 0.9.6 (/opt/ros/foxy/share/ament_lint_auto/cmake)\n'}
[1.606915] (-) TimerEvent: {}
[1.612326] (roscamtest) StdoutLine: {'line': b"-- Added test 'copyright' to check source files copyright and LICENSE\n"}
[1.644436] (roscamtest) StdoutLine: {'line': b"-- Added test 'cppcheck' to perform static code analysis on C / C++ code\n"}
[1.645282] (roscamtest) StdoutLine: {'line': b'-- Configured cppcheck include dirs: \n'}
[1.645537] (roscamtest) StdoutLine: {'line': b'-- Configured cppcheck exclude dirs and/or files: \n'}
[1.672048] (roscamtest) StdoutLine: {'line': b"-- Added test 'cpplint' to check C / C++ code against the Google style\n"}
[1.672674] (roscamtest) StdoutLine: {'line': b'-- Configured cpplint exclude dirs and/or files: \n'}
[1.677501] (roscamtest) StdoutLine: {'line': b"-- Added test 'flake8' to check Python code syntax and style conventions\n"}
[1.685566] (roscamtest) StdoutLine: {'line': b"-- Added test 'lint_cmake' to check CMake code style\n"}
[1.690219] (roscamtest) StdoutLine: {'line': b"-- Added test 'pep257' to check Python code against some of the style conventions in PEP 257\n"}
[1.707219] (-) TimerEvent: {}
[1.718335] (roscamtest) StdoutLine: {'line': b"-- Added test 'uncrustify' to check C / C++ code style\n"}
[1.718874] (roscamtest) StdoutLine: {'line': b'-- Configured uncrustify additional arguments: \n'}
[1.723075] (roscamtest) StdoutLine: {'line': b"-- Added test 'xmllint' to check XML markup files\n"}
[1.727582] (roscamtest) StdoutLine: {'line': b'-- Configuring done\n'}
[1.758544] (roscamtest) StdoutLine: {'line': b'-- Generating done\n'}
[1.765336] (roscamtest) StdoutLine: {'line': b'-- Build files have been written to: /home/mike/Documents/roscamtest/roscamtest/build/roscamtest\n'}
[1.801662] (roscamtest) StdoutLine: {'line': b'\x1b[35m\x1b[1mScanning dependencies of target camera_pub\x1b[0m\n'}
[1.807920] (-) TimerEvent: {}
[1.881546] (roscamtest) StdoutLine: {'line': b'[ 50%] \x1b[32mBuilding CXX object CMakeFiles/camera_pub.dir/src/main.cpp.o\x1b[0m\n'}
[1.908459] (-) TimerEvent: {}
[2.008999] (-) TimerEvent: {}
[2.109561] (-) TimerEvent: {}
[2.209894] (-) TimerEvent: {}
[2.310362] (-) TimerEvent: {}
[2.410732] (-) TimerEvent: {}
[2.511201] (-) TimerEvent: {}
[2.611743] (-) TimerEvent: {}
[2.712307] (-) TimerEvent: {}
[2.812859] (-) TimerEvent: {}
[2.913831] (-) TimerEvent: {}
[3.014141] (-) TimerEvent: {}
[3.114550] (-) TimerEvent: {}
[3.215140] (-) TimerEvent: {}
[3.315722] (-) TimerEvent: {}
[3.416435] (-) TimerEvent: {}
[3.517003] (-) TimerEvent: {}
[3.617544] (-) TimerEvent: {}
[3.717998] (-) TimerEvent: {}
[3.818597] (-) TimerEvent: {}
[3.919117] (-) TimerEvent: {}
[4.019634] (-) TimerEvent: {}
[4.120212] (-) TimerEvent: {}
[4.220696] (-) TimerEvent: {}
[4.321239] (-) TimerEvent: {}
[4.421752] (-) TimerEvent: {}
[4.522290] (-) TimerEvent: {}
[4.622741] (-) TimerEvent: {}
[4.723287] (-) TimerEvent: {}
[4.823830] (-) TimerEvent: {}
[4.924393] (-) TimerEvent: {}
[5.024852] (-) TimerEvent: {}
[5.125397] (-) TimerEvent: {}
[5.226004] (-) TimerEvent: {}
[5.326405] (-) TimerEvent: {}
[5.426780] (-) TimerEvent: {}
[5.527171] (-) TimerEvent: {}
[5.627651] (-) TimerEvent: {}
[5.728119] (-) TimerEvent: {}
[5.828691] (-) TimerEvent: {}
[5.929699] (-) TimerEvent: {}
[6.030178] (-) TimerEvent: {}
[6.131307] (-) TimerEvent: {}
[6.231992] (-) TimerEvent: {}
[6.332806] (-) TimerEvent: {}
[6.433327] (-) TimerEvent: {}
[6.533837] (-) TimerEvent: {}
[6.634334] (-) TimerEvent: {}
[6.734909] (-) TimerEvent: {}
[6.835474] (-) TimerEvent: {}
[6.935942] (-) TimerEvent: {}
[7.036422] (-) TimerEvent: {}
[7.137019] (-) TimerEvent: {}
[7.237560] (-) TimerEvent: {}
[7.338114] (-) TimerEvent: {}
[7.438523] (-) TimerEvent: {}
[7.539185] (-) TimerEvent: {}
[7.639669] (-) TimerEvent: {}
[7.740024] (-) TimerEvent: {}
[7.840736] (-) TimerEvent: {}
[7.941330] (-) TimerEvent: {}
[8.041713] (-) TimerEvent: {}
[8.141996] (-) TimerEvent: {}
[8.242790] (-) TimerEvent: {}
[8.343351] (-) TimerEvent: {}
[8.443838] (-) TimerEvent: {}
[8.544215] (-) TimerEvent: {}
[8.644962] (-) TimerEvent: {}
[8.745545] (-) TimerEvent: {}
[8.846445] (-) TimerEvent: {}
[8.920585] (roscamtest) StdoutLine: {'line': b'[100%] \x1b[32m\x1b[1mLinking CXX executable camera_pub\x1b[0m\n'}
[8.946602] (-) TimerEvent: {}
[9.047011] (-) TimerEvent: {}
[9.147350] (-) TimerEvent: {}
[9.248160] (-) TimerEvent: {}
[9.348804] (-) TimerEvent: {}
[9.450170] (-) TimerEvent: {}
[9.551152] (-) TimerEvent: {}
[9.652117] (-) TimerEvent: {}
[9.752553] (-) TimerEvent: {}
[9.760232] (roscamtest) StderrLine: {'line': b"/usr/bin/ld: CMakeFiles/camera_pub.dir/src/main.cpp.o: in function `rclcpp::Publisher<sensor_msgs::msg::Image_<std::allocator<void> >, std::allocator<void> >::Publisher(rclcpp::node_interfaces::NodeBaseInterface*, std::__cxx11::basic_string<char, std::char_traits<char>, std::allocator<char> > const&, rclcpp::QoS const&, rclcpp::PublisherOptionsWithAllocator<std::allocator<void> > const&)':\n"}
[9.760499] (roscamtest) StderrLine: {'line': b"main.cpp:(.text._ZN6rclcpp9PublisherIN11sensor_msgs3msg6Image_ISaIvEEES4_EC2EPNS_15node_interfaces17NodeBaseInterfaceERKNSt7__cxx1112basic_stringIcSt11char_traitsIcESaIcEEERKNS_3QoSERKNS_29PublisherOptionsWithAllocatorIS4_EE[_ZN6rclcpp9PublisherIN11sensor_msgs3msg6Image_ISaIvEEES4_EC5EPNS_15node_interfaces17NodeBaseInterfaceERKNSt7__cxx1112basic_stringIcSt11char_traitsIcESaIcEEERKNS_3QoSERKNS_29PublisherOptionsWithAllocatorIS4_EE]+0x6e): undefined reference to `rosidl_message_type_support_t const* rosidl_typesupport_cpp::get_message_type_support_handle<sensor_msgs::msg::Image_<std::allocator<void> > >()'\n"}
[9.760628] (roscamtest) StderrLine: {'line': b'collect2: error: ld returned 1 exit status\n'}
[9.762652] (roscamtest) StderrLine: {'line': b'make[2]: *** [CMakeFiles/camera_pub.dir/build.make:179: camera_pub] Error 1\n'}
[9.762926] (roscamtest) StderrLine: {'line': b'make[1]: *** [CMakeFiles/Makefile2:78: CMakeFiles/camera_pub.dir/all] Error 2\n'}
[9.763120] (roscamtest) StderrLine: {'line': b'make: *** [Makefile:141: all] Error 2\n'}
[9.764774] (roscamtest) CommandEnded: {'returncode': 2}
[9.822027] (roscamtest) JobEnded: {'identifier': 'roscamtest', 'rc': 2}
[9.833112] (-) EventReactorShutdown: {}
