[0.030s] Invoking command in '/home/mike/Documents/roscamtest/roscamtest/build/cam_publisher': CMAKE_PREFIX_PATH=${CMAKE_PREFIX_PATH}:/opt/ros/foxy /usr/bin/cmake --build /home/mike/Documents/roscamtest/roscamtest/build/cam_publisher -- -j4 -l4
[0.097s] [35m[1mScanning dependencies of target publish_cam[0m
[0.204s] [ 50%] [32mBuilding CXX object CMakeFiles/publish_cam.dir/src/main.cpp.o[0m
[3.933s] [01m[K/home/mike/Documents/roscamtest/roscamtest/src/main.cpp:[m[K In constructor â€˜[01m[KMinimalPublisher::MinimalPublisher()[m[Kâ€™:
[3.934s] [01m[K/home/mike/Documents/roscamtest/roscamtest/src/main.cpp:24:84:[m[K [01;31m[Kerror: [m[Kno match for â€˜[01m[Koperator=[m[Kâ€™ (operand types are â€˜[01m[Krclcpp::Publisher<cv_bridge::CvImage>::SharedPtr[m[Kâ€™ {aka â€˜[01m[Kstd::shared_ptr<rclcpp::Publisher<cv_bridge::CvImage> >[m[Kâ€™} and â€˜[01m[Kstd::shared_ptr<rclcpp::Publisher<std::shared_ptr<cv_bridge::CvImage>, std::allocator<void> > >[m[Kâ€™)
[3.934s]    24 |         cam_publisher_ = this->create_publisher<cv_bridge::CvImagePtr>("camera", 10[01;31m[K)[m[K;
[3.934s]       |                                                                                    [01;31m[K^[m[K
[3.934s] In file included from [01m[K/usr/include/c++/9/memory:81[m[K,
[3.934s]                  from [01m[K/home/mike/Documents/roscamtest/roscamtest/src/main.cpp:3[m[K:
[3.934s] [01m[K/usr/include/c++/9/bits/shared_ptr.h:309:19:[m[K [01;36m[Knote: [m[Kcandidate: â€˜[01m[Kstd::shared_ptr<_Tp>& std::shared_ptr<_Tp>::operator=(const std::shared_ptr<_Tp>&) [with _Tp = rclcpp::Publisher<cv_bridge::CvImage>][m[Kâ€™
[3.934s]   309 |       shared_ptr& [01;36m[Koperator[m[K=(const shared_ptr&) noexcept = default;
[3.935s]       |                   [01;36m[K^~~~~~~~[m[K
[3.935s] [01m[K/usr/include/c++/9/bits/shared_ptr.h:309:29:[m[K [01;36m[Knote: [m[K  no known conversion for argument 1 from â€˜[01m[Kstd::shared_ptr<rclcpp::Publisher<std::shared_ptr<cv_bridge::CvImage>, std::allocator<void> > >[m[Kâ€™ to â€˜[01m[Kconst std::shared_ptr<rclcpp::Publisher<cv_bridge::CvImage> >&[m[Kâ€™
[3.935s]   309 |       shared_ptr& operator=([01;36m[Kconst shared_ptr&[m[K) noexcept = default;
[3.935s]       |                             [01;36m[K^~~~~~~~~~~~~~~~~[m[K
[3.935s] [01m[K/usr/include/c++/9/bits/shared_ptr.h:313:2:[m[K [01;36m[Knote: [m[Kcandidate: â€˜[01m[Ktemplate<class _Yp> std::shared_ptr<_Tp>::_Assignable<const std::shared_ptr<_Yp>&> std::shared_ptr<_Tp>::operator=(const std::shared_ptr<_Yp>&) [with _Yp = _Yp; _Tp = rclcpp::Publisher<cv_bridge::CvImage>][m[Kâ€™
[3.935s]   313 |  [01;36m[Koperator[m[K=(const shared_ptr<_Yp>& __r) noexcept
[3.935s]       |  [01;36m[K^~~~~~~~[m[K
[3.935s] [01m[K/usr/include/c++/9/bits/shared_ptr.h:313:2:[m[K [01;36m[Knote: [m[K  template argument deduction/substitution failed:
[3.936s] /usr/include/c++/9/bits/shared_ptr.h: In substitution of â€˜[01m[Ktemplate<class _Tp> template<class _Arg> using _Assignable = typename std::enable_if<std::is_assignable<std::__shared_ptr<_Tp>&, _Arg>::value, std::shared_ptr<_Tp>&>::type [with _Arg = const std::shared_ptr<rclcpp::Publisher<std::shared_ptr<cv_bridge::CvImage>, std::allocator<void> > >&; _Tp = rclcpp::Publisher<cv_bridge::CvImage>][m[Kâ€™:
[3.936s] [01m[K/usr/include/c++/9/bits/shared_ptr.h:313:2:[m[K   required by substitution of â€˜[01m[Ktemplate<class _Yp> std::shared_ptr<rclcpp::Publisher<cv_bridge::CvImage> >::_Assignable<const std::shared_ptr<_Tp>&> std::shared_ptr<rclcpp::Publisher<cv_bridge::CvImage> >::operator=<_Yp>(const std::shared_ptr<_Tp>&) [with _Yp = rclcpp::Publisher<std::shared_ptr<cv_bridge::CvImage>, std::allocator<void> >][m[Kâ€™
[3.936s] [01m[K/home/mike/Documents/roscamtest/roscamtest/src/main.cpp:24:84:[m[K   required from here
[3.936s] [01m[K/usr/include/c++/9/bits/shared_ptr.h:111:8:[m[K [01;31m[Kerror: [m[Kno type named â€˜[01m[Ktype[m[Kâ€™ in â€˜[01m[Kstruct std::enable_if<false, std::shared_ptr<rclcpp::Publisher<cv_bridge::CvImage> >&>[m[Kâ€™
[3.936s]   111 |  using [01;31m[K_Assignable[m[K = typename enable_if<
[3.937s]       |        [01;31m[K^~~~~~~~~~~[m[K
[3.937s] [01m[K/usr/include/c++/9/bits/shared_ptr.h:324:2:[m[K [01;36m[Knote: [m[Kcandidate: â€˜[01m[Ktemplate<class _Yp> std::shared_ptr<_Tp>::_Assignable<std::auto_ptr<_Up> > std::shared_ptr<_Tp>::operator=(std::auto_ptr<_Up>&&) [with _Yp = _Yp; _Tp = rclcpp::Publisher<cv_bridge::CvImage>][m[Kâ€™
[3.937s]   324 |  [01;36m[Koperator[m[K=(auto_ptr<_Yp>&& __r)
[3.937s]       |  [01;36m[K^~~~~~~~[m[K
[3.937s] [01m[K/usr/include/c++/9/bits/shared_ptr.h:324:2:[m[K [01;36m[Knote: [m[K  template argument deduction/substitution failed:
[3.937s] [01m[K/home/mike/Documents/roscamtest/roscamtest/src/main.cpp:24:84:[m[K [01;36m[Knote: [m[K  â€˜[01m[Kstd::shared_ptr<rclcpp::Publisher<std::shared_ptr<cv_bridge::CvImage>, std::allocator<void> > >[m[Kâ€™ is not derived from â€˜[01m[Kstd::auto_ptr<_Up>[m[Kâ€™
[3.937s]    24 |         cam_publisher_ = this->create_publisher<cv_bridge::CvImagePtr>("camera", 10[01;36m[K)[m[K;
[3.937s]       |                                                                                    [01;36m[K^[m[K
[3.938s] In file included from [01m[K/usr/include/c++/9/memory:81[m[K,
[3.938s]                  from [01m[K/home/mike/Documents/roscamtest/roscamtest/src/main.cpp:3[m[K:
[3.938s] [01m[K/usr/include/c++/9/bits/shared_ptr.h:333:7:[m[K [01;36m[Knote: [m[Kcandidate: â€˜[01m[Kstd::shared_ptr<_Tp>& std::shared_ptr<_Tp>::operator=(std::shared_ptr<_Tp>&&) [with _Tp = rclcpp::Publisher<cv_bridge::CvImage>][m[Kâ€™
[3.938s]   333 |       [01;36m[Koperator[m[K=(shared_ptr&& __r) noexcept
[3.938s]       |       [01;36m[K^~~~~~~~[m[K
[3.938s] [01m[K/usr/include/c++/9/bits/shared_ptr.h:333:30:[m[K [01;36m[Knote: [m[K  no known conversion for argument 1 from â€˜[01m[Kstd::shared_ptr<rclcpp::Publisher<std::shared_ptr<cv_bridge::CvImage>, std::allocator<void> > >[m[Kâ€™ to â€˜[01m[Kstd::shared_ptr<rclcpp::Publisher<cv_bridge::CvImage> >&&[m[Kâ€™
[3.938s]   333 |       operator=([01;36m[Kshared_ptr&& __r[m[K) noexcept
[3.938s]       |                 [01;36m[K~~~~~~~~~~~~~^~~[m[K
[3.938s] [01m[K/usr/include/c++/9/bits/shared_ptr.h:341:2:[m[K [01;36m[Knote: [m[Kcandidate: â€˜[01m[Ktemplate<class _Yp> std::shared_ptr<_Tp>::_Assignable<std::shared_ptr<_Yp> > std::shared_ptr<_Tp>::operator=(std::shared_ptr<_Yp>&&) [with _Yp = _Yp; _Tp = rclcpp::Publisher<cv_bridge::CvImage>][m[Kâ€™
[3.939s]   341 |  [01;36m[Koperator[m[K=(shared_ptr<_Yp>&& __r) noexcept
[3.939s]       |  [01;36m[K^~~~~~~~[m[K
[3.939s] [01m[K/usr/include/c++/9/bits/shared_ptr.h:341:2:[m[K [01;36m[Knote: [m[K  template argument deduction/substitution failed:
[3.939s] /usr/include/c++/9/bits/shared_ptr.h: In substitution of â€˜[01m[Ktemplate<class _Tp> template<class _Arg> using _Assignable = typename std::enable_if<std::is_assignable<std::__shared_ptr<_Tp>&, _Arg>::value, std::shared_ptr<_Tp>&>::type [with _Arg = std::shared_ptr<rclcpp::Publisher<std::shared_ptr<cv_bridge::CvImage>, std::allocator<void> > >; _Tp = rclcpp::Publisher<cv_bridge::CvImage>][m[Kâ€™:
[3.939s] [01m[K/usr/include/c++/9/bits/shared_ptr.h:341:2:[m[K   required by substitution of â€˜[01m[Ktemplate<class _Yp> std::shared_ptr<rclcpp::Publisher<cv_bridge::CvImage> >::_Assignable<std::shared_ptr<_Tp> > std::shared_ptr<rclcpp::Publisher<cv_bridge::CvImage> >::operator=<_Yp>(std::shared_ptr<_Tp>&&) [with _Yp = rclcpp::Publisher<std::shared_ptr<cv_bridge::CvImage>, std::allocator<void> >][m[Kâ€™
[3.939s] [01m[K/home/mike/Documents/roscamtest/roscamtest/src/main.cpp:24:84:[m[K   required from here
[3.939s] [01m[K/usr/include/c++/9/bits/shared_ptr.h:111:8:[m[K [01;31m[Kerror: [m[Kno type named â€˜[01m[Ktype[m[Kâ€™ in â€˜[01m[Kstruct std::enable_if<false, std::shared_ptr<rclcpp::Publisher<cv_bridge::CvImage> >&>[m[Kâ€™
[3.939s]   111 |  using [01;31m[K_Assignable[m[K = typename enable_if<
[3.939s]       |        [01;31m[K^~~~~~~~~~~[m[K
[3.940s] [01m[K/usr/include/c++/9/bits/shared_ptr.h:349:2:[m[K [01;36m[Knote: [m[Kcandidate: â€˜[01m[Ktemplate<class _Yp, class _Del> std::shared_ptr<_Tp>::_Assignable<std::unique_ptr<_Up, _Ep> > std::shared_ptr<_Tp>::operator=(std::unique_ptr<_Up, _Ep>&&) [with _Yp = _Yp; _Del = _Del; _Tp = rclcpp::Publisher<cv_bridge::CvImage>][m[Kâ€™
[3.940s]   349 |  [01;36m[Koperator[m[K=(unique_ptr<_Yp, _Del>&& __r)
[3.940s]       |  [01;36m[K^~~~~~~~[m[K
[3.940s] [01m[K/usr/include/c++/9/bits/shared_ptr.h:349:2:[m[K [01;36m[Knote: [m[K  template argument deduction/substitution failed:
[3.940s] [01m[K/home/mike/Documents/roscamtest/roscamtest/src/main.cpp:24:84:[m[K [01;36m[Knote: [m[K  â€˜[01m[Kstd::shared_ptr<rclcpp::Publisher<std::shared_ptr<cv_bridge::CvImage>, std::allocator<void> > >[m[Kâ€™ is not derived from â€˜[01m[Kstd::unique_ptr<_Tp, _Dp>[m[Kâ€™
[3.940s]    24 |         cam_publisher_ = this->create_publisher<cv_bridge::CvImagePtr>("camera", 10[01;36m[K)[m[K;
[3.940s]       |                                                                                    [01;36m[K^[m[K
[5.694s] make[2]: *** [CMakeFiles/publish_cam.dir/build.make:63: CMakeFiles/publish_cam.dir/src/main.cpp.o] Error 1
[5.695s] make[1]: *** [CMakeFiles/Makefile2:78: CMakeFiles/publish_cam.dir/all] Error 2
[5.695s] make: *** [Makefile:141: all] Error 2
[5.700s] Invoked command in '/home/mike/Documents/roscamtest/roscamtest/build/cam_publisher' returned '2': CMAKE_PREFIX_PATH=${CMAKE_PREFIX_PATH}:/opt/ros/foxy /usr/bin/cmake --build /home/mike/Documents/roscamtest/roscamtest/build/cam_publisher -- -j4 -l4
