[0.024s] Invoking command in '/home/mike/Documents/roscamtest/roscamtest/build/cam_publisher': CMAKE_PREFIX_PATH=${CMAKE_PREFIX_PATH}:/opt/ros/foxy /usr/bin/cmake --build /home/mike/Documents/roscamtest/roscamtest/build/cam_publisher -- -j4 -l4
[0.095s] [35m[1mScanning dependencies of target publish_cam[0m
[0.227s] [ 50%] [32mBuilding CXX object CMakeFiles/publish_cam.dir/src/main.cpp.o[0m
[7.161s] [100%] [32m[1mLinking CXX executable publish_cam[0m
[7.397s] /usr/bin/ld: CMakeFiles/publish_cam.dir/src/main.cpp.o: in function `cv::Mat::~Mat()':
[7.397s] main.cpp:(.text._ZN2cv3MatD2Ev[_ZN2cv3MatD5Ev]+0x3d): undefined reference to `cv::fastFree(void*)'
[7.397s] /usr/bin/ld: CMakeFiles/publish_cam.dir/src/main.cpp.o: in function `cv::Mat::release()':
[7.397s] main.cpp:(.text._ZN2cv3Mat7releaseEv[_ZN2cv3Mat7releaseEv]+0x4f): undefined reference to `cv::Mat::deallocate()'
[7.397s] collect2: error: ld returned 1 exit status
[7.399s] make[2]: *** [CMakeFiles/publish_cam.dir/build.make:131: publish_cam] Error 1
[7.399s] make[1]: *** [CMakeFiles/Makefile2:78: CMakeFiles/publish_cam.dir/all] Error 2
[7.399s] make: *** [Makefile:141: all] Error 2
[7.404s] Invoked command in '/home/mike/Documents/roscamtest/roscamtest/build/cam_publisher' returned '2': CMAKE_PREFIX_PATH=${CMAKE_PREFIX_PATH}:/opt/ros/foxy /usr/bin/cmake --build /home/mike/Documents/roscamtest/roscamtest/build/cam_publisher -- -j4 -l4
