[0.026s] Invoking command in '/home/mike/Documents/roscamtest/roscamtest/build/roscamtest': CMAKE_PREFIX_PATH=${CMAKE_PREFIX_PATH}:/opt/ros/foxy /usr/bin/cmake --build /home/mike/Documents/roscamtest/roscamtest/build/roscamtest -- -j4 -l4
[0.110s] -- Found ament_cmake: 0.9.9 (/opt/ros/foxy/share/ament_cmake/cmake)
[0.145s] -- Using PYTHON_EXECUTABLE: /usr/bin/python3
[0.479s] -- Found rclcpp: 2.4.1 (/opt/ros/foxy/share/rclcpp/cmake)
[0.540s] -- Using all available rosidl_typesupport_c: rosidl_typesupport_fastrtps_c;rosidl_typesupport_introspection_c
[0.549s] -- Found rosidl_adapter: 1.2.1 (/opt/ros/foxy/share/rosidl_adapter/cmake)
[0.746s] -- Using all available rosidl_typesupport_cpp: rosidl_typesupport_fastrtps_cpp;rosidl_typesupport_introspection_cpp
[0.853s] -- Found rmw_implementation_cmake: 1.0.3 (/opt/ros/foxy/share/rmw_implementation_cmake/cmake)
[0.856s] -- Using RMW implementation 'rmw_fastrtps_cpp' as default
[1.171s] -- Found cv_bridge: 2.2.1 (/opt/ros/foxy/share/cv_bridge/cmake)
[1.179s] -- Found image_transport: 2.3.0 (/opt/ros/foxy/share/image_transport/cmake)
[1.510s] -- Found ament_lint_auto: 0.9.6 (/opt/ros/foxy/share/ament_lint_auto/cmake)
[1.612s] -- Added test 'copyright' to check source files copyright and LICENSE
[1.644s] -- Added test 'cppcheck' to perform static code analysis on C / C++ code
[1.645s] -- Configured cppcheck include dirs: 
[1.645s] -- Configured cppcheck exclude dirs and/or files: 
[1.672s] -- Added test 'cpplint' to check C / C++ code against the Google style
[1.673s] -- Configured cpplint exclude dirs and/or files: 
[1.677s] -- Added test 'flake8' to check Python code syntax and style conventions
[1.685s] -- Added test 'lint_cmake' to check CMake code style
[1.690s] -- Added test 'pep257' to check Python code against some of the style conventions in PEP 257
[1.718s] -- Added test 'uncrustify' to check C / C++ code style
[1.719s] -- Configured uncrustify additional arguments: 
[1.723s] -- Added test 'xmllint' to check XML markup files
[1.727s] -- Configuring done
[1.758s] -- Generating done
[1.765s] -- Build files have been written to: /home/mike/Documents/roscamtest/roscamtest/build/roscamtest
[1.802s] [35m[1mScanning dependencies of target camera_pub[0m
[1.881s] [ 50%] [32mBuilding CXX object CMakeFiles/camera_pub.dir/src/main.cpp.o[0m
[8.921s] [100%] [32m[1mLinking CXX executable camera_pub[0m
[9.760s] /usr/bin/ld: CMakeFiles/camera_pub.dir/src/main.cpp.o: in function `rclcpp::Publisher<sensor_msgs::msg::Image_<std::allocator<void> >, std::allocator<void> >::Publisher(rclcpp::node_interfaces::NodeBaseInterface*, std::__cxx11::basic_string<char, std::char_traits<char>, std::allocator<char> > const&, rclcpp::QoS const&, rclcpp::PublisherOptionsWithAllocator<std::allocator<void> > const&)':
[9.760s] main.cpp:(.text._ZN6rclcpp9PublisherIN11sensor_msgs3msg6Image_ISaIvEEES4_EC2EPNS_15node_interfaces17NodeBaseInterfaceERKNSt7__cxx1112basic_stringIcSt11char_traitsIcESaIcEEERKNS_3QoSERKNS_29PublisherOptionsWithAllocatorIS4_EE[_ZN6rclcpp9PublisherIN11sensor_msgs3msg6Image_ISaIvEEES4_EC5EPNS_15node_interfaces17NodeBaseInterfaceERKNSt7__cxx1112basic_stringIcSt11char_traitsIcESaIcEEERKNS_3QoSERKNS_29PublisherOptionsWithAllocatorIS4_EE]+0x6e): undefined reference to `rosidl_message_type_support_t const* rosidl_typesupport_cpp::get_message_type_support_handle<sensor_msgs::msg::Image_<std::allocator<void> > >()'
[9.760s] collect2: error: ld returned 1 exit status
[9.762s] make[2]: *** [CMakeFiles/camera_pub.dir/build.make:179: camera_pub] Error 1
[9.763s] make[1]: *** [CMakeFiles/Makefile2:78: CMakeFiles/camera_pub.dir/all] Error 2
[9.763s] make: *** [Makefile:141: all] Error 2
[9.767s] Invoked command in '/home/mike/Documents/roscamtest/roscamtest/build/roscamtest' returned '2': CMAKE_PREFIX_PATH=${CMAKE_PREFIX_PATH}:/opt/ros/foxy /usr/bin/cmake --build /home/mike/Documents/roscamtest/roscamtest/build/roscamtest -- -j4 -l4
