[0.000000] (-) TimerEvent: {}
[0.001394] (roscamtest) JobQueued: {'identifier': 'roscamtest', 'dependencies': OrderedDict()}
[0.001462] (roscamtest) JobStarted: {'identifier': 'roscamtest'}
[0.025666] (roscamtest) JobProgress: {'identifier': 'roscamtest', 'progress': 'cmake'}
[0.026329] (roscamtest) JobProgress: {'identifier': 'roscamtest', 'progress': 'build'}
[0.026538] (roscamtest) Command: {'cmd': ['/usr/bin/cmake', '--build', '/home/mike/Documents/roscamtest/roscamtest/build/roscamtest', '--', '-j4', '-l4'], 'cwd': '/home/mike/Documents/roscamtest/roscamtest/build/roscamtest', 'env': OrderedDict([('GJS_DEBUG_TOPICS', 'JS ERROR;JS LOG'), ('LESSOPEN', '| /usr/bin/lesspipe %s'), ('USER', 'mike'), ('LC_TIME', 'de_DE.UTF-8'), ('SSH_AGENT_PID', '2125'), ('XDG_SESSION_TYPE', 'x11'), ('GIT_ASKPASS', '/snap/code/91/usr/share/code/resources/app/extensions/git/dist/askpass.sh'), ('SHLVL', '3'), ('LD_LIBRARY_PATH', '/opt/ros/foxy/opt/yaml_cpp_vendor/lib:/opt/ros/foxy/opt/rviz_ogre_vendor/lib:/opt/ros/foxy/lib/x86_64-linux-gnu:/opt/ros/foxy/lib'), ('HOME', '/home/mike'), ('CHROME_DESKTOP', 'code-url-handler.desktop'), ('OLDPWD', '/home/mike/Documents/roscamtest'), ('TERM_PROGRAM_VERSION', '1.65.2'), ('DESKTOP_SESSION', 'ubuntu'), ('GIO_LAUNCHED_DESKTOP_FILE', '/var/lib/snapd/desktop/applications/code_code.desktop'), ('APPLICATION_INSIGHTS_NO_DIAGNOSTIC_CHANNEL', 'true'), ('ROS_PYTHON_VERSION', '3'), ('GNOME_SHELL_SESSION_MODE', 'ubuntu'), ('GTK_MODULES', 'gail:atk-bridge'), ('VSCODE_GIT_ASKPASS_MAIN', '/snap/code/91/usr/share/code/resources/app/extensions/git/dist/askpass-main.js'), ('LC_MONETARY', 'de_DE.UTF-8'), ('VSCODE_GIT_ASKPASS_NODE', '/snap/code/91/usr/share/code/code'), ('MANAGERPID', '1912'), ('DBUS_SESSION_BUS_ADDRESS', 'unix:path=/run/user/1000/bus'), ('COLORTERM', 'truecolor'), ('GIO_LAUNCHED_DESKTOP_FILE_PID', '18615'), ('IM_CONFIG_PHASE', '1'), ('COLCON_PREFIX_PATH', '/home/mike/Documents/roscamtest/roscamtest/install'), ('ROS_DISTRO', 'foxy'), ('LOGNAME', 'mike'), ('JOURNAL_STREAM', '8:35446'), ('_', '/usr/bin/colcon'), ('ROS_VERSION', '2'), ('XDG_SESSION_CLASS', 'user'), ('USERNAME', 'mike'), ('TERM', 'xterm-256color'), ('GNOME_DESKTOP_SESSION_ID', 'this-is-deprecated'), ('ROS_LOCALHOST_ONLY', '0'), ('WINDOWPATH', '2'), ('PATH', '/opt/ros/foxy/bin:/usr/local/sbin:/usr/local/bin:/usr/sbin:/usr/bin:/sbin:/bin:/usr/games:/usr/local/games:/snap/bin'), ('SESSION_MANAGER', 'local/mike-VirtualBox:@/tmp/.ICE-unix/2163,unix/mike-VirtualBox:/tmp/.ICE-unix/2163'), ('INVOCATION_ID', 'f1884d0562e84397a5a01286373b9793'), ('XDG_MENU_PREFIX', 'gnome-'), ('LC_ADDRESS', 'de_DE.UTF-8'), ('BAMF_DESKTOP_FILE_HINT', '/var/lib/snapd/desktop/applications/code_code.desktop'), ('XDG_RUNTIME_DIR', '/run/user/1000'), ('GDK_BACKEND', 'x11'), ('DISPLAY', ':0'), ('LANG', 'en_US.UTF-8'), ('XDG_CURRENT_DESKTOP', 'Unity'), ('LC_TELEPHONE', 'de_DE.UTF-8'), ('XMODIFIERS', '@im=ibus'), ('XDG_SESSION_DESKTOP', 'ubuntu'), ('XAUTHORITY', '/run/user/1000/gdm/Xauthority'), ('LS_COLORS', 'rs=0:di=01;34:ln=01;36:mh=00:pi=40;33:so=01;35:do=01;35:bd=40;33;01:cd=40;33;01:or=40;31;01:mi=00:su=37;41:sg=30;43:ca=30;41:tw=30;42:ow=34;42:st=37;44:ex=01;32:*.tar=01;31:*.tgz=01;31:*.arc=01;31:*.arj=01;31:*.taz=01;31:*.lha=01;31:*.lz4=01;31:*.lzh=01;31:*.lzma=01;31:*.tlz=01;31:*.txz=01;31:*.tzo=01;31:*.t7z=01;31:*.zip=01;31:*.z=01;31:*.dz=01;31:*.gz=01;31:*.lrz=01;31:*.lz=01;31:*.lzo=01;31:*.xz=01;31:*.zst=01;31:*.tzst=01;31:*.bz2=01;31:*.bz=01;31:*.tbz=01;31:*.tbz2=01;31:*.tz=01;31:*.deb=01;31:*.rpm=01;31:*.jar=01;31:*.war=01;31:*.ear=01;31:*.sar=01;31:*.rar=01;31:*.alz=01;31:*.ace=01;31:*.zoo=01;31:*.cpio=01;31:*.7z=01;31:*.rz=01;31:*.cab=01;31:*.wim=01;31:*.swm=01;31:*.dwm=01;31:*.esd=01;31:*.jpg=01;35:*.jpeg=01;35:*.mjpg=01;35:*.mjpeg=01;35:*.gif=01;35:*.bmp=01;35:*.pbm=01;35:*.pgm=01;35:*.ppm=01;35:*.tga=01;35:*.xbm=01;35:*.xpm=01;35:*.tif=01;35:*.tiff=01;35:*.png=01;35:*.svg=01;35:*.svgz=01;35:*.mng=01;35:*.pcx=01;35:*.mov=01;35:*.mpg=01;35:*.mpeg=01;35:*.m2v=01;35:*.mkv=01;35:*.webm=01;35:*.ogm=01;35:*.mp4=01;35:*.m4v=01;35:*.mp4v=01;35:*.vob=01;35:*.qt=01;35:*.nuv=01;35:*.wmv=01;35:*.asf=01;35:*.rm=01;35:*.rmvb=01;35:*.flc=01;35:*.avi=01;35:*.fli=01;35:*.flv=01;35:*.gl=01;35:*.dl=01;35:*.xcf=01;35:*.xwd=01;35:*.yuv=01;35:*.cgm=01;35:*.emf=01;35:*.ogv=01;35:*.ogx=01;35:*.aac=00;36:*.au=00;36:*.flac=00;36:*.m4a=00;36:*.mid=00;36:*.midi=00;36:*.mka=00;36:*.mp3=00;36:*.mpc=00;36:*.ogg=00;36:*.ra=00;36:*.wav=00;36:*.oga=00;36:*.opus=00;36:*.spx=00;36:*.xspf=00;36:'), ('VSCODE_GIT_IPC_HANDLE', '/run/user/1000/vscode-git-c01214e722.sock'), ('TERM_PROGRAM', 'vscode'), ('SSH_AUTH_SOCK', '/run/user/1000/keyring/ssh'), ('GSETTINGS_SCHEMA_DIR', '/snap/code/91/usr/share/glib-2.0/schemas'), ('AMENT_PREFIX_PATH', '/home/mike/Documents/roscamtest/roscamtest/install/roscamtest:/opt/ros/foxy'), ('ORIGINAL_XDG_CURRENT_DESKTOP', 'Unity'), ('SHELL', '/bin/bash'), ('LC_NAME', 'de_DE.UTF-8'), ('DISABLE_WAYLAND', '1'), ('QT_ACCESSIBILITY', '1'), ('NO_AT_BRIDGE', '1'), ('GDMSESSION', 'ubuntu'), ('LESSCLOSE', '/usr/bin/lesspipe %s %s'), ('LC_MEASUREMENT', 'de_DE.UTF-8'), ('GPG_AGENT_INFO', '/run/user/1000/gnupg/S.gpg-agent:0:1'), ('GJS_DEBUG_OUTPUT', 'stderr'), ('LC_IDENTIFICATION', 'de_DE.UTF-8'), ('VSCODE_GIT_ASKPASS_EXTRA_ARGS', '--ms-enable-electron-run-as-node'), ('QT_IM_MODULE', 'ibus'), ('PWD', '/home/mike/Documents/roscamtest/roscamtest/build/roscamtest'), ('XDG_CONFIG_DIRS', '/etc/xdg/xdg-ubuntu:/etc/xdg'), ('XDG_DATA_DIRS', '/usr/share/ubuntu:/usr/local/share/:/usr/share/:/var/lib/snapd/desktop'), ('PYTHONPATH', '/opt/ros/foxy/lib/python3.8/site-packages'), ('LC_NUMERIC', 'de_DE.UTF-8'), ('LC_PAPER', 'de_DE.UTF-8'), ('COLCON', '1'), ('CMAKE_PREFIX_PATH', '/home/mike/Documents/roscamtest/roscamtest/install/roscamtest:/opt/ros/foxy')]), 'shell': False}
[0.095259] (-) TimerEvent: {}
[0.102565] (roscamtest) StdoutLine: {'line': b'-- Found ament_cmake: 0.9.9 (/opt/ros/foxy/share/ament_cmake/cmake)\n'}
[0.181296] (roscamtest) StdoutLine: {'line': b'-- Using PYTHON_EXECUTABLE: /usr/bin/python3\n'}
[0.195425] (-) TimerEvent: {}
[0.296807] (-) TimerEvent: {}
[0.397146] (-) TimerEvent: {}
[0.497522] (-) TimerEvent: {}
[0.568917] (roscamtest) StdoutLine: {'line': b'-- Found rclcpp: 2.4.1 (/opt/ros/foxy/share/rclcpp/cmake)\n'}
[0.598037] (-) TimerEvent: {}
[0.634346] (roscamtest) StdoutLine: {'line': b'-- Using all available rosidl_typesupport_c: rosidl_typesupport_fastrtps_c;rosidl_typesupport_introspection_c\n'}
[0.641152] (roscamtest) StdoutLine: {'line': b'-- Found rosidl_adapter: 1.2.1 (/opt/ros/foxy/share/rosidl_adapter/cmake)\n'}
[0.698153] (-) TimerEvent: {}
[0.801197] (-) TimerEvent: {}
[0.844692] (roscamtest) StdoutLine: {'line': b'-- Using all available rosidl_typesupport_cpp: rosidl_typesupport_fastrtps_cpp;rosidl_typesupport_introspection_cpp\n'}
[0.901318] (-) TimerEvent: {}
[0.964289] (roscamtest) StdoutLine: {'line': b'-- Found rmw_implementation_cmake: 1.0.3 (/opt/ros/foxy/share/rmw_implementation_cmake/cmake)\n'}
[0.966772] (roscamtest) StdoutLine: {'line': b"-- Using RMW implementation 'rmw_fastrtps_cpp' as default\n"}
[1.001726] (-) TimerEvent: {}
[1.102264] (-) TimerEvent: {}
[1.202744] (-) TimerEvent: {}
[1.290702] (roscamtest) StdoutLine: {'line': b'-- Found cv_bridge: 2.2.1 (/opt/ros/foxy/share/cv_bridge/cmake)\n'}
[1.298222] (roscamtest) StdoutLine: {'line': b'-- Found image_transport: 2.3.0 (/opt/ros/foxy/share/image_transport/cmake)\n'}
[1.302913] (-) TimerEvent: {}
[1.403616] (-) TimerEvent: {}
[1.503976] (-) TimerEvent: {}
[1.604526] (-) TimerEvent: {}
[1.705076] (-) TimerEvent: {}
[1.708731] (roscamtest) StdoutLine: {'line': b'-- Found ament_lint_auto: 0.9.6 (/opt/ros/foxy/share/ament_lint_auto/cmake)\n'}
[1.806052] (-) TimerEvent: {}
[1.823647] (roscamtest) StdoutLine: {'line': b"-- Added test 'copyright' to check source files copyright and LICENSE\n"}
[1.856247] (roscamtest) StdoutLine: {'line': b"-- Added test 'cppcheck' to perform static code analysis on C / C++ code\n"}
[1.856609] (roscamtest) StdoutLine: {'line': b'-- Configured cppcheck include dirs: \n'}
[1.856851] (roscamtest) StdoutLine: {'line': b'-- Configured cppcheck exclude dirs and/or files: \n'}
[1.886098] (roscamtest) StdoutLine: {'line': b"-- Added test 'cpplint' to check C / C++ code against the Google style\n"}
[1.886337] (roscamtest) StdoutLine: {'line': b'-- Configured cpplint exclude dirs and/or files: \n'}
[1.890118] (roscamtest) StdoutLine: {'line': b"-- Added test 'flake8' to check Python code syntax and style conventions\n"}
[1.897052] (roscamtest) StdoutLine: {'line': b"-- Added test 'lint_cmake' to check CMake code style\n"}
[1.901416] (roscamtest) StdoutLine: {'line': b"-- Added test 'pep257' to check Python code against some of the style conventions in PEP 257\n"}
[1.907093] (-) TimerEvent: {}
[1.933060] (roscamtest) StdoutLine: {'line': b"-- Added test 'uncrustify' to check C / C++ code style\n"}
[1.933439] (roscamtest) StdoutLine: {'line': b'-- Configured uncrustify additional arguments: \n'}
[1.938782] (roscamtest) StdoutLine: {'line': b"-- Added test 'xmllint' to check XML markup files\n"}
[1.943803] (roscamtest) StdoutLine: {'line': b'-- Configuring done\n'}
[2.007963] (-) TimerEvent: {}
[2.016700] (roscamtest) StdoutLine: {'line': b'-- Generating done\n'}
[2.021705] (roscamtest) StdoutLine: {'line': b'-- Build files have been written to: /home/mike/Documents/roscamtest/roscamtest/build/roscamtest\n'}
[2.097623] (roscamtest) StdoutLine: {'line': b'[ 50%] \x1b[32m\x1b[1mLinking CXX executable camera_pub\x1b[0m\n'}
[2.108217] (-) TimerEvent: {}
[2.210163] (-) TimerEvent: {}
[2.310664] (-) TimerEvent: {}
[2.411267] (-) TimerEvent: {}
[2.511697] (-) TimerEvent: {}
[2.612055] (-) TimerEvent: {}
[2.712776] (-) TimerEvent: {}
[2.813049] (-) TimerEvent: {}
[2.913545] (-) TimerEvent: {}
[2.976544] (roscamtest) StderrLine: {'line': b"/usr/bin/ld: CMakeFiles/camera_pub.dir/src/main.cpp.o: in function `rclcpp::Publisher<cv_bridge::CvImage, std::allocator<void> >::Publisher(rclcpp::node_interfaces::NodeBaseInterface*, std::__cxx11::basic_string<char, std::char_traits<char>, std::allocator<char> > const&, rclcpp::QoS const&, rclcpp::PublisherOptionsWithAllocator<std::allocator<void> > const&)':\n"}
[2.976768] (roscamtest) StderrLine: {'line': b"main.cpp:(.text._ZN6rclcpp9PublisherIN9cv_bridge7CvImageESaIvEEC2EPNS_15node_interfaces17NodeBaseInterfaceERKNSt7__cxx1112basic_stringIcSt11char_traitsIcESaIcEEERKNS_3QoSERKNS_29PublisherOptionsWithAllocatorIS3_EE[_ZN6rclcpp9PublisherIN9cv_bridge7CvImageESaIvEEC5EPNS_15node_interfaces17NodeBaseInterfaceERKNSt7__cxx1112basic_stringIcSt11char_traitsIcESaIcEEERKNS_3QoSERKNS_29PublisherOptionsWithAllocatorIS3_EE]+0x6e): undefined reference to `rosidl_message_type_support_t const* rosidl_typesupport_cpp::get_message_type_support_handle<cv_bridge::CvImage>()'\n"}
[2.977172] (roscamtest) StderrLine: {'line': b'collect2: error: ld returned 1 exit status\n'}
[2.979256] (roscamtest) StderrLine: {'line': b'make[2]: *** [CMakeFiles/camera_pub.dir/build.make:222: camera_pub] Error 1\n'}
[2.979928] (roscamtest) StderrLine: {'line': b'make[1]: *** [CMakeFiles/Makefile2:78: CMakeFiles/camera_pub.dir/all] Error 2\n'}
[2.980216] (roscamtest) StderrLine: {'line': b'make: *** [Makefile:141: all] Error 2\n'}
[2.990009] (roscamtest) CommandEnded: {'returncode': 2}
[3.014012] (-) TimerEvent: {}
[3.061612] (roscamtest) JobEnded: {'identifier': 'roscamtest', 'rc': 2}
[3.073240] (-) EventReactorShutdown: {}
