[0.030s] Invoking command in '/home/mike/Documents/roscamtest/roscamtest/build/roscamtest': CMAKE_PREFIX_PATH=${CMAKE_PREFIX_PATH}:/opt/ros/foxy /usr/bin/cmake --build /home/mike/Documents/roscamtest/roscamtest/build/roscamtest -- -j4 -l4
[0.091s] [35m[1mScanning dependencies of target camera_pub[0m
[0.159s] [ 50%] [32mBuilding CXX object CMakeFiles/camera_pub.dir/src/main.cpp.o[0m
[4.334s] [01m[K/home/mike/Documents/roscamtest/roscamtest/src/main.cpp:[m[K In constructor â€˜[01m[KRosCamPub::RosCamPub()[m[Kâ€™:
[4.334s] [01m[K/home/mike/Documents/roscamtest/roscamtest/src/main.cpp:20:57:[m[K [01;31m[Kerror: [m[KISO C++ forbids taking the address of an unqualified or parenthesized non-static member function to form a pointer to member function.  Say â€˜[01m[K&RosCamPub::timer_callback[m[Kâ€™ [[01;31m[K-fpermissive[m[K]
[4.335s]    20 |       timer_ = this->create_wall_timer(50ms, std::bind(&[01;31m[Ktimer_callback[m[K, this));
[4.335s]       |                                                         [01;31m[K^~~~~~~~~~~~~~[m[K
[5.927s] make[2]: *** [CMakeFiles/camera_pub.dir/build.make:63: CMakeFiles/camera_pub.dir/src/main.cpp.o] Error 1
[5.929s] make[1]: *** [CMakeFiles/Makefile2:78: CMakeFiles/camera_pub.dir/all] Error 2
[5.932s] make: *** [Makefile:141: all] Error 2
[5.933s] Invoked command in '/home/mike/Documents/roscamtest/roscamtest/build/roscamtest' returned '2': CMAKE_PREFIX_PATH=${CMAKE_PREFIX_PATH}:/opt/ros/foxy /usr/bin/cmake --build /home/mike/Documents/roscamtest/roscamtest/build/roscamtest -- -j4 -l4
