[0.025s] Invoking command in '/home/mike/Documents/roscamtest/roscamtest/build/cam_publisher': CMAKE_PREFIX_PATH=${CMAKE_PREFIX_PATH}:/opt/ros/foxy /usr/bin/cmake --build /home/mike/Documents/roscamtest/roscamtest/build/cam_publisher -- -j4 -l4
[0.094s] [35m[1mScanning dependencies of target publish_cam[0m
[0.166s] [ 50%] [32mBuilding CXX object CMakeFiles/publish_cam.dir/src/main.cpp.o[0m
[8.277s] [100%] [32m[1mLinking CXX executable publish_cam[0m
[9.053s] /usr/bin/ld: CMakeFiles/publish_cam.dir/src/main.cpp.o: in function `CameraPublisher::timer_callback()':
[9.054s] main.cpp:(.text._ZN15CameraPublisher14timer_callbackEv[_ZN15CameraPublisher14timer_callbackEv]+0x251): undefined reference to `cv_bridge::CvImage::toImageMsg(sensor_msgs::msg::Image_<std::allocator<void> >&) const'
[9.054s] collect2: error: ld returned 1 exit status
[9.056s] make[2]: *** [CMakeFiles/publish_cam.dir/build.make:189: publish_cam] Error 1
[9.056s] make[1]: *** [CMakeFiles/Makefile2:78: CMakeFiles/publish_cam.dir/all] Error 2
[9.056s] make: *** [Makefile:141: all] Error 2
[9.083s] Invoked command in '/home/mike/Documents/roscamtest/roscamtest/build/cam_publisher' returned '2': CMAKE_PREFIX_PATH=${CMAKE_PREFIX_PATH}:/opt/ros/foxy /usr/bin/cmake --build /home/mike/Documents/roscamtest/roscamtest/build/cam_publisher -- -j4 -l4
