[01m[K/home/mike/Documents/roscamtest/roscamtest/src/main.cpp:8:10:[m[K [01;31m[Kfatal error: [m[Kopencv2/opencv.hpp: No such file or directory
    8 | #include [01;31m[K<opencv2/opencv.hpp>[m[K
      |          [01;31m[K^~~~~~~~~~~~~~~~~~~~[m[K
compilation terminated.
make[2]: *** [CMakeFiles/publish_cam.dir/build.make:63: CMakeFiles/publish_cam.dir/src/main.cpp.o] Error 1
make[1]: *** [CMakeFiles/Makefile2:78: CMakeFiles/publish_cam.dir/all] Error 2
make: *** [Makefile:141: all] Error 2
