[0.024s] Invoking command in '/home/mike/Documents/roscamtest/roscamtest/build/cam_publisher': CMAKE_PREFIX_PATH=${CMAKE_PREFIX_PATH}:/opt/ros/foxy /usr/bin/cmake /home/mike/Documents/roscamtest/roscamtest -DCMAKE_INSTALL_PREFIX=/home/mike/Documents/roscamtest/roscamtest/install/cam_publisher
[0.052s] -- Found ament_cmake: 0.9.9 (/opt/ros/foxy/share/ament_cmake/cmake)
[0.112s] -- Using PYTHON_EXECUTABLE: /usr/bin/python3
[0.471s] -- Found rclcpp: 2.4.1 (/opt/ros/foxy/share/rclcpp/cmake)
[0.557s] -- Using all available rosidl_typesupport_c: rosidl_typesupport_fastrtps_c;rosidl_typesupport_introspection_c
[0.566s] -- Found rosidl_adapter: 1.2.1 (/opt/ros/foxy/share/rosidl_adapter/cmake)
[0.807s] -- Using all available rosidl_typesupport_cpp: rosidl_typesupport_fastrtps_cpp;rosidl_typesupport_introspection_cpp
[0.910s] -- Found rmw_implementation_cmake: 1.0.3 (/opt/ros/foxy/share/rmw_implementation_cmake/cmake)
[0.913s] -- Using RMW implementation 'rmw_fastrtps_cpp' as default
[1.341s] -- Configuring done
[1.360s] -- Generating done
[1.360s] -- Build files have been written to: /home/mike/Documents/roscamtest/roscamtest/build/cam_publisher
[1.373s] Invoked command in '/home/mike/Documents/roscamtest/roscamtest/build/cam_publisher' returned '0': CMAKE_PREFIX_PATH=${CMAKE_PREFIX_PATH}:/opt/ros/foxy /usr/bin/cmake /home/mike/Documents/roscamtest/roscamtest -DCMAKE_INSTALL_PREFIX=/home/mike/Documents/roscamtest/roscamtest/install/cam_publisher
[1.375s] Invoking command in '/home/mike/Documents/roscamtest/roscamtest/build/cam_publisher': CMAKE_PREFIX_PATH=${CMAKE_PREFIX_PATH}:/opt/ros/foxy /usr/bin/cmake --build /home/mike/Documents/roscamtest/roscamtest/build/cam_publisher -- -j4 -l4
[1.453s] [35m[1mScanning dependencies of target publish_cam[0m
[1.533s] [ 50%] [32mBuilding CXX object CMakeFiles/publish_cam.dir/src/main.cpp.o[0m
[1.746s] [01m[K/home/mike/Documents/roscamtest/roscamtest/src/main.cpp:8:10:[m[K [01;31m[Kfatal error: [m[Kopencv2/opencv.hpp: No such file or directory
[1.746s]     8 | #include [01;31m[K<opencv2/opencv.hpp>[m[K
[1.746s]       |          [01;31m[K^~~~~~~~~~~~~~~~~~~~[m[K
[1.746s] compilation terminated.
[1.748s] make[2]: *** [CMakeFiles/publish_cam.dir/build.make:63: CMakeFiles/publish_cam.dir/src/main.cpp.o] Error 1
[1.750s] make[1]: *** [CMakeFiles/Makefile2:78: CMakeFiles/publish_cam.dir/all] Error 2
[1.754s] make: *** [Makefile:141: all] Error 2
[1.757s] Invoked command in '/home/mike/Documents/roscamtest/roscamtest/build/cam_publisher' returned '2': CMAKE_PREFIX_PATH=${CMAKE_PREFIX_PATH}:/opt/ros/foxy /usr/bin/cmake --build /home/mike/Documents/roscamtest/roscamtest/build/cam_publisher -- -j4 -l4
